Determining if the pthread_create exist failed with the following output:
Change Dir: /home/scott/projects/ScottLab/ROS/catkin_ws/src/ORB_SLAM2/build/CMakeFiles/CMakeTmp

Run Build Command:"/usr/bin/make" "cmTC_d3a8a/fast"
/usr/bin/make -f CMakeFiles/cmTC_d3a8a.dir/build.make CMakeFiles/cmTC_d3a8a.dir/build
make[1]: Entering directory '/home/scott/projects/ScottLab/ROS/catkin_ws/src/ORB_SLAM2/build/CMakeFiles/CMakeTmp'
Building C object CMakeFiles/cmTC_d3a8a.dir/CheckSymbolExists.c.o
/usr/bin/cc    -Wall  -O3 -march=native     -o CMakeFiles/cmTC_d3a8a.dir/CheckSymbolExists.c.o   -c /home/scott/projects/ScottLab/ROS/catkin_ws/src/ORB_SLAM2/build/CMakeFiles/CMakeTmp/CheckSymbolExists.c
Linking C executable cmTC_d3a8a
/usr/bin/cmake -E cmake_link_script CMakeFiles/cmTC_d3a8a.dir/link.txt --verbose=1
/usr/bin/cc    -Wall  -O3 -march=native      CMakeFiles/cmTC_d3a8a.dir/CheckSymbolExists.c.o  -o cmTC_d3a8a -rdynamic 
CMakeFiles/cmTC_d3a8a.dir/CheckSymbolExists.c.o: In function `main':
CheckSymbolExists.c:(.text.startup+0x6): undefined reference to `pthread_create'
collect2: error: ld returned 1 exit status
CMakeFiles/cmTC_d3a8a.dir/build.make:97: recipe for target 'cmTC_d3a8a' failed
make[1]: *** [cmTC_d3a8a] Error 1
make[1]: Leaving directory '/home/scott/projects/ScottLab/ROS/catkin_ws/src/ORB_SLAM2/build/CMakeFiles/CMakeTmp'
Makefile:126: recipe for target 'cmTC_d3a8a/fast' failed
make: *** [cmTC_d3a8a/fast] Error 2

File /home/scott/projects/ScottLab/ROS/catkin_ws/src/ORB_SLAM2/build/CMakeFiles/CMakeTmp/CheckSymbolExists.c:
/* */
#include <pthread.h>

int main(int argc, char** argv)
{
  (void)argv;
#ifndef pthread_create
  return ((int*)(&pthread_create))[argc];
#else
  (void)argc;
  return 0;
#endif
}

Determining if the function pthread_create exists in the pthreads failed with the following output:
Change Dir: /home/scott/projects/ScottLab/ROS/catkin_ws/src/ORB_SLAM2/build/CMakeFiles/CMakeTmp

Run Build Command:"/usr/bin/make" "cmTC_c98aa/fast"
/usr/bin/make -f CMakeFiles/cmTC_c98aa.dir/build.make CMakeFiles/cmTC_c98aa.dir/build
make[1]: Entering directory '/home/scott/projects/ScottLab/ROS/catkin_ws/src/ORB_SLAM2/build/CMakeFiles/CMakeTmp'
Building C object CMakeFiles/cmTC_c98aa.dir/CheckFunctionExists.c.o
/usr/bin/cc    -Wall  -O3 -march=native  -DCHECK_FUNCTION_EXISTS=pthread_create   -o CMakeFiles/cmTC_c98aa.dir/CheckFunctionExists.c.o   -c /usr/share/cmake-3.5/Modules/CheckFunctionExists.c
Linking C executable cmTC_c98aa
/usr/bin/cmake -E cmake_link_script CMakeFiles/cmTC_c98aa.dir/link.txt --verbose=1
/usr/bin/cc    -Wall  -O3 -march=native  -DCHECK_FUNCTION_EXISTS=pthread_create    CMakeFiles/cmTC_c98aa.dir/CheckFunctionExists.c.o  -o cmTC_c98aa -rdynamic -lpthreads 
/usr/bin/ld: cannot find -lpthreads
collect2: error: ld returned 1 exit status
CMakeFiles/cmTC_c98aa.dir/build.make:97: recipe for target 'cmTC_c98aa' failed
make[1]: *** [cmTC_c98aa] Error 1
make[1]: Leaving directory '/home/scott/projects/ScottLab/ROS/catkin_ws/src/ORB_SLAM2/build/CMakeFiles/CMakeTmp'
Makefile:126: recipe for target 'cmTC_c98aa/fast' failed
make: *** [cmTC_c98aa/fast] Error 2


